<?xml version="1.0" encoding="UTF-8"?>
<testsuite xmlns:xsi="http://www.w3.org/2001/XMLSchema-instance" xsi:noNamespaceSchemaLocation="https://maven.apache.org/surefire/maven-surefire-plugin/xsd/surefire-test-report-3.0.xsd" version="3.0" name="com.shanergy.bprev.security.SecurityProtectedEndpointsTest" time="0.024" tests="1" errors="0" skipped="0" failures="0">
  <properties>
[...]
</properties>
  <testcase name="protectedShouldRequireAuth" classname="com.shanergy.bprev.security.SecurityProtectedEndpointsTest" time="0.019">
    <system-out><![CDATA[2025-09-18T17:41:56.252+08:00  INFO 83142 --- [           main] t.c.s.AnnotationConfigContextLoaderUtils : Could not detect default configuration classes for test class [com.shanergy.bprev.security.SecurityProtectedEndpointsTest]: SecurityProtectedEndpointsTest does not declare any static, non-private, non-final, nested classes annotated with @Configuration.
2025-09-18T17:41:56.254+08:00  INFO 83142 --- [           main] .b.t.c.SpringBootTestContextBootstrapper : Found @SpringBootConfiguration com.shanergy.bprev.BprevApplication for test class com.shanergy.bprev.security.SecurityProtectedEndpointsTest
]]></system-out>
  </testcase>
</testsuite>